R
L
RR
IMPOSSIBLE
LL
RRR
IMPOSSIBLE
IMPOSSIBLE
LLL
RRRR
IMPOSSIBLE
IMPOSSIBLE
IMPOSSIBLE
LLLL
D
U
DRU
LDR
RUL
ULD
DRRUL
LDRRU
LLDRR
RRULL
RULLD
ULLDR
DRRRULL
LDRRRUL
LLDRRRU
LLLDRRR
RRRULLL
RRULLLD
RULLLDR
ULLLDRR
DRRRRULLL
LDRRRRULL
LLDRRRRUL
LLLDRRRRU
LLLLDRRRR
RRRRULLLL
RRRULLLLD
RRULLLLDR
RULLLLDRR
ULLLLDRRR
DD
IMPOSSIBLE
UU
RDDLU
DDLUU
URDDL
DLUUR
UURDD
LUURD
RRDLLDRR
IMPOSSIBLE
LLDRRDLL
IMPOSSIBLE
DLUURRDD
IMPOSSIBLE
RRULLURR
IMPOSSIBLE
LLURRULL
RRRDDLULDLU
RRDDLULDLUU
RDDLULDLUUR
DDLULDLUURR
URRRDDLULDL
DLUURRRDDLU
LDLUURRRDDL
DLULDLUURRR
UURRRDDLULD
LUURRRDDLUL
ULDLUURRRDD
LULDLUURRRD
RRRRDLLLLDRRRR
IMPOSSIBLE
LLDDRURDRRULUR
IMPOSSIBLE
LLLLDRRRRDLLLL
IMPOSSIBLE
DLUURRDDRUURDD
IMPOSSIBLE
DRUULLDDLUULDD
IMPOSSIBLE
RRRRULLLLURRRR
IMPOSSIBLE
LLUURDRURRDLDR
IMPOSSIBLE
LLLLURRRRULLLL
DDD
IMPOSSIBLE
IMPOSSIBLE
UUU
DDDRUUU
LDDDRUU
DDRUUUL
ULDDDRU
DRUUULD
UULDDDR
RUUULDD
