UUULDDD
DDDRRULURUL
LDDDRRULURU
LLDDDRRULUR
DDRRULURULL
RULLDDDRRUL
ULLDDDRRULU
DRRULURULLD
URULLDDDRRU
LURULLDDDRR
RRULURULLDD
RULURULLDDD
ULURULLDDDR
DDDRRRULLURRULL
LDDDRRRULLURRUL
LLDDDRRRULLURRU
LLLDDDRRRULLURR
DDRRRULLURRULLL
RRULLLDDDRRRULL
RULLLDDDRRRULLU
ULLLDDDRRRULLUR
DRRRULLURRULLLD
URRULLLDDDRRRUL
LURRULLLDDDRRRU
LLURRULLLDDDRRR
RRRULLURRULLLDD
RRULLURRULLLDDD
RULLURRULLLDDDR
ULLURRULLLDDDRR
DDDRRRRULLLURRRULLL
LDDDRRRRULLLURRRULL
LLDDDRRRRULLLURRRUL
LLLDDDRRRRULLLURRRU
LLLLDDDRRRRULLLURRR
DDRRRRULLLURRRULLLL
RRRULLLLDDDRRRRULLL
RRULLLLDDDRRRRULLLU
RULLLLDDDRRRRULLLUR
ULLLLDDDRRRRULLLURR
DRRRRULLLURRRULLLLD
URRRULLLLDDDRRRRULL
LURRRULLLLDDDRRRRUL
LLURRRULLLLDDDRRRRU
LLLURRRULLLLDDDRRRR
RRRRULLLURRRULLLLDD
RRRULLLURRRULLLLDDD
RRULLLURRRULLLLDDDR
RULLLURRRULLLLDDDRR
ULLLURRRULLLLDDDRRR
DDDD
IMPOSSIBLE
IMPOSSIBLE
IMPOSSIBLE
UUUU
RDDDDLUUU
DDDDLUUUU
URDDDDLUU
DDDLUUUUR
UURDDDDLU
DDLUUUURD
UUURDDDDL
DLUUUURDD
UUUURDDDD
LUUUURDDD
RRDLLDRRDLLDRR
IMPOSSIBLE
LLDRRDLLDRRDLL
IMPOSSIBLE
LURRDDLLDRRDLL
IMPOSSIBLE
UURRDLDRDLLDRR
IMPOSSIBLE
UULLDRDLDRRDLL
IMPOSSIBLE
LDRRUULLURRULL
IMPOSSIBLE
RRULLURRULLURR
IMPOSSIBLE
LLURRULLURRULL
RRRDDDDLUUULDDDLUUU
RRDDDDLUUULDDDLUUUU
RDDDDLUUULDDDLUUUUR
DDDDLUUULDDDLUUUURR
URRRDDDDLUUULDDDLUU
DDDLUUUURRRDDDDLUUU
LDDDLUUUURRRDDDDLUU
DDDLUUULDDDLUUUURRR
UURRRDDDDLUUULDDDLU
DDLUUUURRRDDDDLUUUL
ULDDDLUUUURRRDDDDLU
DDLUUULDDDLUUUURRRD
UUURRRDDDDLUUULDDDL
DLUUUURRRDDDDLUUULD
UULDDDLUUUURRRDDDDL
DLUUULDDDLUUUURRRDD
UUUURRRDDDDLUUULDDD
LUUUURRRDDDDLUUULDD
UUULDDDLUUUURRRDDDD
LUUULDDDLUUUURRRDDD
RRRRDLLLLDRRRRDLLLLDRRRR
