RRRRRR
IMPOSSIBLE
IMPOSSIBLE
IMPOSSIBLE
IMPOSSIBLE
LLLLLL
RRRRRRRR
IMPOSSIBLE
IMPOSSIBLE
IMPOSSIBLE
IMPOSSIBLE
IMPOSSIBLE
IMPOSSIBLE
LLLLLLLL
RRRRRRRRRR
IMPOSSIBLE
IMPOSSIBLE
IMPOSSIBLE
IMPOSSIBLE
IMPOSSIBLE
IMPOSSIBLE
IMPOSSIBLE
IMPOSSIBLE
IMPOSSIBLE
LLLLLLLLLL
RRRRRRRRRRRR
IMPOSSIBLE
IMPOSSIBLE
IMPOSSIBLE
IMPOSSIBLE
IMPOSSIBLE
IMPOSSIBLE
IMPOSSIBLE
IMPOSSIBLE
IMPOSSIBLE
IMPOSSIBLE
LLLLLLLLLLLL
RRRRRRRRRRRRRR
IMPOSSIBLE
IMPOSSIBLE
IMPOSSIBLE
IMPOSSIBLE
IMPOSSIBLE
IMPOSSIBLE
IMPOSSIBLE
IMPOSSIBLE
IMPOSSIBLE
IMPOSSIBLE
IMPOSSIBLE
IMPOSSIBLE
LLLLLLLLLLLLLL
LLDDRURDRRRRULLLURRR
IMPOSSIBLE
RRDDLULDLLLLURRRULLL
IMPOSSIBLE
LLLLLLDRRRRRRDLLLLLL
DLUURRDDRUURDDRUURDD
DLLLUURDRURRDDRUURDD
DRUULLDDLUULDDLUULDD
IMPOSSIBLE
RRRRRRULLLLLLURRRRRR
IMPOSSIBLE
LLUURDRURRRRDLLLDRRR
IMPOSSIBLE
RRUULDLULLLLDRRRDLLL
IMPOSSIBLE
LLLLLLURRRRRRULLLLLL
RRRRRRRRDLLLLLLLLDRRRRRRRR
IMPOSSIBLE
LLDDRURDRRRRRRULLLLLURRRRR
IMPOSSIBLE
IMPOSSIBLE
RRDDLULDLLLLLLURRRRRULLLLL
IMPOSSIBLE
LLLLLLLLDRRRRRRRRDLLLLLLLL
IMPOSSIBLE
IMPOSSIBLE
DRRRUULDLULLDDLUULDDLUULDD
DRUULLDDLUULDDLUULDDLUULDD
RRRRRRRRULLLLLLLLURRRRRRRR
IMPOSSIBLE
LLUURDRURRRRRRDLLLLLDRRRRR
IMPOSSIBLE
IMPOSSIBLE
RRUULDLULLLLLLDRRRRRDLLLLL
IMPOSSIBLE
LLLLLLLLURRRRRRRRULLLLLLLL
IMPOSSIBLE
LLDDRURDRRRRRRRRULLLLLLLURRRRRRR
IMPOSSIBLE
LLLLDDRURDRURDRRRRRRULLLLLURRRRR
IMPOSSIBLE
RRRRDDLULDLULDLLLLLLURRRRRULLLLL
RRDDLULDLLLLLLLLURRRRRRRULLLLLLL
IMPOSSIBLE
LLLLLLLLLLDRRRRRRRRRRDLLLLLLLLLL
IMPOSSIBLE
DLUURRDDRUURDDRUURDDRUURDDRUURDD
IMPOSSIBLE
DLLLUURDRURRDDRUURDDRUURDDRUURDD
