d:\training\github\hello-world\jam\jam\x64\release\vc141.pdb
d:\training\github\hello-world\jam\jam\x64\release\main.obj
d:\training\github\hello-world\jam\jam\x64\release\problem1_5.obj
d:\training\github\hello-world\jam\jam\x64\release\problem1_4.obj
d:\training\github\hello-world\jam\jam\x64\release\problem1_3.obj
d:\training\github\hello-world\jam\jam\x64\release\problem1_2.obj
d:\training\github\hello-world\jam\jam\x64\release\problem1_1.obj
d:\training\github\hello-world\jam\jam\x64\release\problem2_5.obj
d:\training\github\hello-world\jam\jam\x64\release\problem2_4.obj
d:\training\github\hello-world\jam\jam\x64\release\problem2_3.obj
d:\training\github\hello-world\jam\jam\x64\release\problem2_2.obj
d:\training\github\hello-world\jam\jam\x64\release\problem2_1.obj
d:\training\github\hello-world\jam\jam\x64\release\dijkstra.obj
d:\training\github\hello-world\jam\x64\release\jam.ipdb
d:\training\github\hello-world\jam\x64\release\jam.iobj
d:\training\github\hello-world\jam\x64\release\jam.exe
d:\training\github\hello-world\jam\x64\release\jam.pdb
d:\training\github\hello-world\jam\jam\x64\release\jam.tlog\cl.command.1.tlog
d:\training\github\hello-world\jam\jam\x64\release\jam.tlog\cl.read.1.tlog
d:\training\github\hello-world\jam\jam\x64\release\jam.tlog\cl.write.1.tlog
d:\training\github\hello-world\jam\jam\x64\release\jam.tlog\jam.write.1u.tlog
d:\training\github\hello-world\jam\jam\x64\release\jam.tlog\link.command.1.tlog
d:\training\github\hello-world\jam\jam\x64\release\jam.tlog\link.read.1.tlog
d:\training\github\hello-world\jam\jam\x64\release\jam.tlog\link.write.1.tlog
