d:\training\github\hello-world\training\lg_training_c++11\lg_training_c++11\x64\release\vc141.pdb
d:\training\github\hello-world\training\lg_training_c++11\lg_training_c++11\x64\release\main.obj
d:\training\github\hello-world\training\lg_training_c++11\lg_training_c++11\x64\release\test_random.obj
d:\training\github\hello-world\training\lg_training_c++11\lg_training_c++11\x64\release\test_initializer_list.obj
d:\training\github\hello-world\training\lg_training_c++11\lg_training_c++11\x64\release\test_codecvt.obj
d:\training\github\hello-world\training\lg_training_c++11\lg_training_c++11\x64\release\test_chrono.obj
d:\training\github\hello-world\training\lg_training_c++11\lg_training_c++11\x64\release\test_thread.obj
d:\training\github\hello-world\training\lg_training_c++11\lg_training_c++11\x64\release\test_mutex.obj
d:\training\github\hello-world\training\lg_training_c++11\lg_training_c++11\x64\release\test_future.obj
d:\training\github\hello-world\training\lg_training_c++11\lg_training_c++11\x64\release\test_condition_variable.obj
d:\training\github\hello-world\training\lg_training_c++11\lg_training_c++11\x64\release\test_automic.obj
d:\training\github\hello-world\training\lg_training_c++11\lg_training_c++11\x64\release\test_unordered_set.obj
d:\training\github\hello-world\training\lg_training_c++11\lg_training_c++11\x64\release\test_unordered_map.obj
d:\training\github\hello-world\training\lg_training_c++11\lg_training_c++11\x64\release\test_forward_list.obj
d:\training\github\hello-world\training\lg_training_c++11\lg_training_c++11\x64\release\test_array.obj
d:\training\github\hello-world\training\lg_training_c++11\lg_training_c++11\x64\release\test_cuchar.obj
d:\training\github\hello-world\training\lg_training_c++11\lg_training_c++11\x64\release\test_ctgmath.obj
d:\training\github\hello-world\training\lg_training_c++11\lg_training_c++11\x64\release\test_cstdint.obj
d:\training\github\hello-world\training\lg_training_c++11\lg_training_c++11\x64\release\test_cstdbool.obj
d:\training\github\hello-world\training\lg_training_c++11\lg_training_c++11\x64\release\test_cinttypes.obj
d:\training\github\hello-world\training\lg_training_c++11\lg_training_c++11\x64\release\test_cfenv.obj
d:\training\github\hello-world\training\lg_training_c++11\lg_training_c++11\x64\release\test_type_traits.obj
d:\training\github\hello-world\training\lg_training_c++11\lg_training_c++11\x64\release\test_typeindex.obj
d:\training\github\hello-world\training\lg_training_c++11\lg_training_c++11\x64\release\test_tuple.obj
d:\training\github\hello-world\training\lg_training_c++11\lg_training_c++11\x64\release\test_system_error.obj
d:\training\github\hello-world\training\lg_training_c++11\lg_training_c++11\x64\release\test_regex.obj
d:\training\github\hello-world\training\lg_training_c++11\lg_training_c++11\x64\release\test_ratio.obj
d:\training\github\hello-world\training\lg_training_c++11\x64\release\lg_training_c++11.ipdb
d:\training\github\hello-world\training\lg_training_c++11\x64\release\lg_training_c++11.iobj
d:\training\github\hello-world\training\lg_training_c++11\x64\release\lg_training_c++11.exe
d:\training\github\hello-world\training\lg_training_c++11\x64\release\lg_training_c++11.pdb
d:\training\github\hello-world\training\lg_training_c++11\lg_training_c++11\x64\release\lg_train.10ed278d.tlog\cl.command.1.tlog
d:\training\github\hello-world\training\lg_training_c++11\lg_training_c++11\x64\release\lg_train.10ed278d.tlog\cl.read.1.tlog
d:\training\github\hello-world\training\lg_training_c++11\lg_training_c++11\x64\release\lg_train.10ed278d.tlog\cl.write.1.tlog
d:\training\github\hello-world\training\lg_training_c++11\lg_training_c++11\x64\release\lg_train.10ed278d.tlog\lg_training_c++11.write.1u.tlog
d:\training\github\hello-world\training\lg_training_c++11\lg_training_c++11\x64\release\lg_train.10ed278d.tlog\link.command.1.tlog
d:\training\github\hello-world\training\lg_training_c++11\lg_training_c++11\x64\release\lg_train.10ed278d.tlog\link.read.1.tlog
d:\training\github\hello-world\training\lg_training_c++11\lg_training_c++11\x64\release\lg_train.10ed278d.tlog\link.write.1.tlog
