d:\training\github\hello-world\jam\jam\x64\debug\vc141.pdb
d:\training\github\hello-world\jam\jam\x64\debug\vc141.idb
d:\training\github\hello-world\jam\jam\x64\debug\main.obj
d:\training\github\hello-world\jam\jam\x64\debug\problem1_5.obj
d:\training\github\hello-world\jam\jam\x64\debug\problem1_4.obj
d:\training\github\hello-world\jam\jam\x64\debug\problem1_3.obj
d:\training\github\hello-world\jam\jam\x64\debug\problem1_2.obj
d:\training\github\hello-world\jam\jam\x64\debug\problem1_1.obj
d:\training\github\hello-world\jam\jam\x64\debug\problem2_5.obj
d:\training\github\hello-world\jam\jam\x64\debug\problem2_4.obj
d:\training\github\hello-world\jam\jam\x64\debug\problem2_3.obj
d:\training\github\hello-world\jam\jam\x64\debug\problem2_2.obj
d:\training\github\hello-world\jam\jam\x64\debug\problem2_1.obj
d:\training\github\hello-world\jam\x64\debug\jam.ilk
d:\training\github\hello-world\jam\x64\debug\jam.exe
d:\training\github\hello-world\jam\x64\debug\jam.pdb
d:\training\github\hello-world\jam\jam\x64\debug\jam.tlog\cl.command.1.tlog
d:\training\github\hello-world\jam\jam\x64\debug\jam.tlog\cl.read.1.tlog
d:\training\github\hello-world\jam\jam\x64\debug\jam.tlog\cl.write.1.tlog
d:\training\github\hello-world\jam\jam\x64\debug\jam.tlog\link.command.1.tlog
d:\training\github\hello-world\jam\jam\x64\debug\jam.tlog\link.read.1.tlog
d:\training\github\hello-world\jam\jam\x64\debug\jam.tlog\link.write.1.tlog
