9676 4067 7366 6878 2885
2480 11851 11551 3795 1195
1818 -4629 -349 1058 4318 -1412
2234 -175 355 -1769 -2398 2557
4538 8971 7591 4497 183 234
5704 3085 4633 5533 5322 1737
8610 3092 -2398 3195 448 139 4001 3998
5203 5616 2475 -565 -1592 2343 2054 5551
-885 1132 6261 3954 3315 3849
169 6364 1855 3038 3680 2520
4391 6715 4186 1008 4978 5618 2850
1459 6081 6029 9235 6300 236 406
7095 4306 6419 14140 8299 7542 8194
4733 9509 10017 9169 11255 6469 4843
1687 1541 5747 7762 5497 5108
2154 5823 7442 4198 3011 4714
2875 1864 4107 2270 4111 1296 3036 4226
5667 3190 3897 4751 6369 4634 -784 -3939
3997 6004 9179 9095 5873 10273 460 -2044
6526 3120 5688 2483 11789 7579 677 4975
