d:\training\github\hello-world\training\lg_training_c++11\lg_training_c++11\x64\debug\vc141.pdb
d:\training\github\hello-world\training\lg_training_c++11\lg_training_c++11\x64\debug\vc141.idb
d:\training\github\hello-world\training\lg_training_c++11\lg_training_c++11\x64\debug\test_cstdint.obj
d:\training\github\hello-world\training\lg_training_c++11\lg_training_c++11\x64\debug\test_cinttypes.obj
d:\training\github\hello-world\training\lg_training_c++11\lg_training_c++11\x64\debug\test_cstdbool.obj
d:\training\github\hello-world\training\lg_training_c++11\lg_training_c++11\x64\debug\main.obj
d:\training\github\hello-world\training\lg_training_c++11\lg_training_c++11\x64\debug\test_cuchar.obj
d:\training\github\hello-world\training\lg_training_c++11\lg_training_c++11\x64\debug\test_array.obj
d:\training\github\hello-world\training\lg_training_c++11\lg_training_c++11\x64\debug\test_ctgmath.obj
d:\training\github\hello-world\training\lg_training_c++11\lg_training_c++11\x64\debug\test_unordered_set.obj
d:\training\github\hello-world\training\lg_training_c++11\lg_training_c++11\x64\debug\test_unordered_map.obj
d:\training\github\hello-world\training\lg_training_c++11\lg_training_c++11\x64\debug\test_forward_list.obj
d:\training\github\hello-world\training\lg_training_c++11\lg_training_c++11\x64\debug\test_chrono.obj
d:\training\github\hello-world\training\lg_training_c++11\lg_training_c++11\x64\debug\test_ratio.obj
d:\training\github\hello-world\training\lg_training_c++11\lg_training_c++11\x64\debug\test_random.obj
d:\training\github\hello-world\training\lg_training_c++11\lg_training_c++11\x64\debug\test_initializer_list.obj
d:\training\github\hello-world\training\lg_training_c++11\lg_training_c++11\x64\debug\test_codecvt.obj
d:\training\github\hello-world\training\lg_training_c++11\lg_training_c++11\x64\debug\test_thread.obj
d:\training\github\hello-world\training\lg_training_c++11\lg_training_c++11\x64\debug\test_mutex.obj
d:\training\github\hello-world\training\lg_training_c++11\lg_training_c++11\x64\debug\test_future.obj
d:\training\github\hello-world\training\lg_training_c++11\lg_training_c++11\x64\debug\test_condition_variable.obj
d:\training\github\hello-world\training\lg_training_c++11\lg_training_c++11\x64\debug\test_automic.obj
d:\training\github\hello-world\training\lg_training_c++11\lg_training_c++11\x64\debug\test_cfenv.obj
d:\training\github\hello-world\training\lg_training_c++11\lg_training_c++11\x64\debug\test_type_traits.obj
d:\training\github\hello-world\training\lg_training_c++11\lg_training_c++11\x64\debug\test_typeindex.obj
d:\training\github\hello-world\training\lg_training_c++11\lg_training_c++11\x64\debug\test_tuple.obj
d:\training\github\hello-world\training\lg_training_c++11\lg_training_c++11\x64\debug\test_system_error.obj
d:\training\github\hello-world\training\lg_training_c++11\lg_training_c++11\x64\debug\test_regex.obj
d:\training\github\hello-world\training\lg_training_c++11\x64\debug\lg_training_c++11.pdb
d:\training\github\hello-world\training\lg_training_c++11\lg_training_c++11\x64\debug\lg_train.10ed278d.tlog\cl.command.1.tlog
d:\training\github\hello-world\training\lg_training_c++11\lg_training_c++11\x64\debug\lg_train.10ed278d.tlog\cl.read.1.tlog
d:\training\github\hello-world\training\lg_training_c++11\lg_training_c++11\x64\debug\lg_train.10ed278d.tlog\cl.write.1.tlog
d:\training\github\hello-world\training\lg_training_c++11\lg_training_c++11\x64\debug\lg_train.10ed278d.tlog\link-cvtres.read.1.tlog
d:\training\github\hello-world\training\lg_training_c++11\lg_training_c++11\x64\debug\lg_train.10ed278d.tlog\link-cvtres.write.1.tlog
d:\training\github\hello-world\training\lg_training_c++11\lg_training_c++11\x64\debug\lg_train.10ed278d.tlog\link-mt.read.1.tlog
d:\training\github\hello-world\training\lg_training_c++11\lg_training_c++11\x64\debug\lg_train.10ed278d.tlog\link-mt.write.1.tlog
d:\training\github\hello-world\training\lg_training_c++11\lg_training_c++11\x64\debug\lg_train.10ed278d.tlog\link-rc.read.1.tlog
d:\training\github\hello-world\training\lg_training_c++11\lg_training_c++11\x64\debug\lg_train.10ed278d.tlog\link-rc.write.1.tlog
d:\training\github\hello-world\training\lg_training_c++11\lg_training_c++11\x64\debug\lg_train.10ed278d.tlog\link.6588-cvtres.read.1.tlog
d:\training\github\hello-world\training\lg_training_c++11\lg_training_c++11\x64\debug\lg_train.10ed278d.tlog\link.6588-cvtres.write.1.tlog
d:\training\github\hello-world\training\lg_training_c++11\lg_training_c++11\x64\debug\lg_train.10ed278d.tlog\link.6588-rc.read.1.tlog
d:\training\github\hello-world\training\lg_training_c++11\lg_training_c++11\x64\debug\lg_train.10ed278d.tlog\link.6588-rc.write.1.tlog
d:\training\github\hello-world\training\lg_training_c++11\lg_training_c++11\x64\debug\lg_train.10ed278d.tlog\link.6588.read.1.tlog
d:\training\github\hello-world\training\lg_training_c++11\lg_training_c++11\x64\debug\lg_train.10ed278d.tlog\link.6588.write.1.tlog
d:\training\github\hello-world\training\lg_training_c++11\lg_training_c++11\x64\debug\lg_train.10ed278d.tlog\link.command.1.tlog
d:\training\github\hello-world\training\lg_training_c++11\lg_training_c++11\x64\debug\lg_train.10ed278d.tlog\link.read.1.tlog
d:\training\github\hello-world\training\lg_training_c++11\lg_training_c++11\x64\debug\lg_train.10ed278d.tlog\link.write.1.tlog
